<?xml version="1.0" encoding="UTF-8" ?>
<testsuite failures="0" time="3.26" errors="0" skipped="0" tests="4" name="br.com.gardenstation.core.manager.impl.MedicoesManagerTest">
  <properties>
[...]
</properties>
  <testcase time="3.211" classname="br.com.gardenstation.core.manager.impl.MedicoesManagerTest" name="testaSave"/>
  <testcase time="0.024" classname="br.com.gardenstation.core.manager.impl.MedicoesManagerTest" name="testaFindById"/>
  <testcase time="0.011" classname="br.com.gardenstation.core.manager.impl.MedicoesManagerTest" name="testaRemove"/>
  <testcase time="0.014" classname="br.com.gardenstation.core.manager.impl.MedicoesManagerTest" name="testaMerge"/>
</testsuite>